To honour the JVM settings for this build a single-use Daemon process will be forked. For more on this, please refer to https://docs.gradle.org/9.2.1/userguide/gradle_daemon.html#sec:disabling_the_daemon in the Gradle documentation.
Daemon will be stopped at the end of the build 
> Task :clean

> Task :compileJava
C:\Users\enri3\OneDrive\Desktop\Projectos\Cyrcetech\backend\src\main\java\com\cyrcetech\backend\service\CustomerService.java:9: error: package lombok.extern.slf4j does not exist
import lombok.extern.slf4j.Slf4j;
                          ^
C:\Users\enri3\OneDrive\Desktop\Projectos\Cyrcetech\backend\src\main\java\com\cyrcetech\backend\service\CustomerService.java:20: error: cannot find symbol
@Slf4j
 ^
  symbol: class Slf4j
C:\Users\enri3\OneDrive\Desktop\Projectos\Cyrcetech\backend\src\main\java\com\cyrcetech\backend\service\CustomerService.java:34: error: cannot find symbol
        log.debug("Fetching all customers");
        ^
  symbol:   variable log
  location: class CustomerService
C:\Users\enri3\OneDrive\Desktop\Projectos\Cyrcetech\backend\src\main\java\com\cyrcetech\backend\service\CustomerService.java:44: error: cannot find symbol
        log.debug("Fetching customer with id: {}", id);
        ^
  symbol:   variable log
  location: class CustomerService
C:\Users\enri3\OneDrive\Desktop\Projectos\Cyrcetech\backend\src\main\java\com\cyrcetech\backend\service\CustomerService.java:54: error: cannot find symbol
        log.debug("Creating new customer: {}", request.getName());
        ^
  symbol:   variable log
  location: class CustomerService
C:\Users\enri3\OneDrive\Desktop\Projectos\Cyrcetech\backend\src\main\java\com\cyrcetech\backend\service\CustomerService.java:63: error: cannot find symbol
        log.info("Customer created with id: {}", saved.getId());
        ^
  symbol:   variable log
  location: class CustomerService
C:\Users\enri3\OneDrive\Desktop\Projectos\Cyrcetech\backend\src\main\java\com\cyrcetech\backend\service\CustomerService.java:72: error: cannot find symbol
        log.debug("Updating customer with id: {}", id);
        ^
  symbol:   variable log
  location: class CustomerService
C:\Users\enri3\OneDrive\Desktop\Projectos\Cyrcetech\backend\src\main\java\com\cyrcetech\backend\service\CustomerService.java:91: error: cannot find symbol
        log.info("Customer updated: {}", id);
        ^
  symbol:   variable log
  location: class CustomerService
C:\Users\enri3\OneDrive\Desktop\Projectos\Cyrcetech\backend\src\main\java\com\cyrcetech\backend\service\CustomerService.java:100: error: cannot find symbol
        log.debug("Deleting customer with id: {}", id);
        ^
  symbol:   variable log
  location: class CustomerService
C:\Users\enri3\OneDrive\Desktop\Projectos\Cyrcetech\backend\src\main\java\com\cyrcetech\backend\service\CustomerService.java:107: error: cannot find symbol
        log.info("Customer deleted: {}", id);
        ^
  symbol:   variable log
  location: class CustomerService
C:\Users\enri3\OneDrive\Desktop\Projectos\Cyrcetech\backend\src\main\java\com\cyrcetech\backend\service\CustomerService.java:114: error: cannot find symbol
        log.debug("Searching customers with term: {}", searchTerm);
        ^
  symbol:   variable log
  location: class CustomerService
Note: C:\Users\enri3\OneDrive\Desktop\Projectos\Cyrcetech\backend\src\main\java\com\cyrcetech\backend\domain\entity\Customer.java uses or overrides a deprecated API.
Note: Recompile with -Xlint:deprecation for details.
11 errors

> Task :compileJava FAILED

[Incubating] Problems report is available at: file:///C:/Users/enri3/OneDrive/Desktop/Projectos/Cyrcetech/backend/build/reports/problems/problems-report.html

FAILURE: Build failed with an exception.

* What went wrong:
Execution failed for task ':compileJava'.
> Compilation failed; see the compiler output below.
  Note: C:\Users\enri3\OneDrive\Desktop\Projectos\Cyrcetech\backend\src\main\java\com\cyrcetech\backend\domain\entity\Customer.java uses or overrides a deprecated API.
  Note: Recompile with -Xlint:deprecation for details.
  C:\Users\enri3\OneDrive\Desktop\Projectos\Cyrcetech\backend\src\main\java\com\cyrcetech\backend\service\CustomerService.java:34: error: cannot find symbol
          log.debug("Fetching all customers");
          ^
    symbol:   variable log
    location: class CustomerService
  C:\Users\enri3\OneDrive\Desktop\Projectos\Cyrcetech\backend\src\main\java\com\cyrcetech\backend\service\CustomerService.java:44: error: cannot find symbol
          log.debug("Fetching customer with id: {}", id);
          ^
    symbol:   variable log
    location: class CustomerService
  C:\Users\enri3\OneDrive\Desktop\Projectos\Cyrcetech\backend\src\main\java\com\cyrcetech\backend\service\CustomerService.java:54: error: cannot find symbol
          log.debug("Creating new customer: {}", request.getName());
          ^
    symbol:   variable log
    location: class CustomerService
  C:\Users\enri3\OneDrive\Desktop\Projectos\Cyrcetech\backend\src\main\java\com\cyrcetech\backend\service\CustomerService.java:63: error: cannot find symbol
          log.info("Customer created with id: {}", saved.getId());
          ^
    symbol:   variable log
    location: class CustomerService
  C:\Users\enri3\OneDrive\Desktop\Projectos\Cyrcetech\backend\src\main\java\com\cyrcetech\backend\service\CustomerService.java:72: error: cannot find symbol
          log.debug("Updating customer with id: {}", id);
          ^
    symbol:   variable log
    location: class CustomerService
  C:\Users\enri3\OneDrive\Desktop\Projectos\Cyrcetech\backend\src\main\java\com\cyrcetech\backend\service\CustomerService.java:91: error: cannot find symbol
          log.info("Customer updated: {}", id);
          ^
    symbol:   variable log
    location: class CustomerService
  C:\Users\enri3\OneDrive\Desktop\Projectos\Cyrcetech\backend\src\main\java\com\cyrcetech\backend\service\CustomerService.java:100: error: cannot find symbol
          log.debug("Deleting customer with id: {}", id);
          ^
    symbol:   variable log
    location: class CustomerService
  C:\Users\enri3\OneDrive\Desktop\Projectos\Cyrcetech\backend\src\main\java\com\cyrcetech\backend\service\CustomerService.java:107: error: cannot find symbol
          log.info("Customer deleted: {}", id);
          ^
    symbol:   variable log
    location: class CustomerService
  C:\Users\enri3\OneDrive\Desktop\Projectos\Cyrcetech\backend\src\main\java\com\cyrcetech\backend\service\CustomerService.java:114: error: cannot find symbol
          log.debug("Searching customers with term: {}", searchTerm);
          ^
    symbol:   variable log
    location: class CustomerService
  C:\Users\enri3\OneDrive\Desktop\Projectos\Cyrcetech\backend\src\main\java\com\cyrcetech\backend\service\CustomerService.java:20: error: cannot find symbol
  @Slf4j
   ^
    symbol: class Slf4j
  C:\Users\enri3\OneDrive\Desktop\Projectos\Cyrcetech\backend\src\main\java\com\cyrcetech\backend\service\CustomerService.java:9: error: package lombok.extern.slf4j does not exist
  import lombok.extern.slf4j.Slf4j;
                            ^
  11 errors

* Try:
> Check your code and dependencies to fix the compilation error(s)
> Run with --scan to generate a Build Scan (powered by Develocity).

* Exception is:
org.gradle.api.tasks.TaskExecutionException: Execution failed for task ':compileJava'.
	at org.gradle.api.internal.tasks.execution.ExecuteActionsTaskExecuter.lambda$executeIfValid$1(ExecuteActionsTaskExecuter.java:135)
	at org.gradle.internal.Try$Failure.ifSuccessfulOrElse(Try.java:288)
	at org.gradle.api.internal.tasks.execution.ExecuteActionsTaskExecuter.executeIfValid(ExecuteActionsTaskExecuter.java:133)
	at org.gradle.api.internal.tasks.execution.ExecuteActionsTaskExecuter.execute(ExecuteActionsTaskExecuter.java:121)
	at org.gradle.api.internal.tasks.execution.ProblemsTaskPathTrackingTaskExecuter.execute(ProblemsTaskPathTrackingTaskExecuter.java:41)
	at org.gradle.api.internal.tasks.execution.FinalizePropertiesTaskExecuter.execute(FinalizePropertiesTaskExecuter.java:46)
	at org.gradle.api.internal.tasks.execution.ResolveTaskExecutionModeExecuter.execute(ResolveTaskExecutionModeExecuter.java:51)
	at org.gradle.api.internal.tasks.execution.SkipTaskWithNoActionsExecuter.execute(SkipTaskWithNoActionsExecuter.java:57)
	at org.gradle.api.internal.tasks.execution.SkipOnlyIfTaskExecuter.execute(SkipOnlyIfTaskExecuter.java:74)
	at org.gradle.api.internal.tasks.execution.CatchExceptionTaskExecuter.execute(CatchExceptionTaskExecuter.java:36)
	at org.gradle.api.internal.tasks.execution.EventFiringTaskExecuter$1.executeTask(EventFiringTaskExecuter.java:77)
	at org.gradle.api.internal.tasks.execution.EventFiringTaskExecuter$1.call(EventFiringTaskExecuter.java:55)
	at org.gradle.api.internal.tasks.execution.EventFiringTaskExecuter$1.call(EventFiringTaskExecuter.java:52)
	at org.gradle.internal.operations.DefaultBuildOperationRunner$CallableBuildOperationWorker.execute(DefaultBuildOperationRunner.java:209)
	at org.gradle.internal.operations.DefaultBuildOperationRunner$CallableBuildOperationWorker.execute(DefaultBuildOperationRunner.java:204)
	at org.gradle.internal.operations.DefaultBuildOperationRunner$2.execute(DefaultBuildOperationRunner.java:66)
	at org.gradle.internal.operations.DefaultBuildOperationRunner$2.execute(DefaultBuildOperationRunner.java:59)
	at org.gradle.internal.operations.DefaultBuildOperationRunner.execute(DefaultBuildOperationRunner.java:166)
	at org.gradle.internal.operations.DefaultBuildOperationRunner.execute(DefaultBuildOperationRunner.java:59)
	at org.gradle.internal.operations.DefaultBuildOperationRunner.call(DefaultBuildOperationRunner.java:53)
	at org.gradle.api.internal.tasks.execution.EventFiringTaskExecuter.execute(EventFiringTaskExecuter.java:52)
	at org.gradle.execution.plan.DefaultNodeExecutor.executeLocalTaskNode(DefaultNodeExecutor.java:55)
	at org.gradle.execution.plan.DefaultNodeExecutor.execute(DefaultNodeExecutor.java:34)
	at org.gradle.execution.taskgraph.DefaultTaskExecutionGraph$InvokeNodeExecutorsAction.execute(DefaultTaskExecutionGraph.java:355)
	at org.gradle.execution.taskgraph.DefaultTaskExecutionGraph$InvokeNodeExecutorsAction.execute(DefaultTaskExecutionGraph.java:343)
	at org.gradle.execution.taskgraph.DefaultTaskExecutionGraph$BuildOperationAwareExecutionAction.lambda$execute$0(DefaultTaskExecutionGraph.java:339)
	at org.gradle.internal.operations.CurrentBuildOperationRef.with(CurrentBuildOperationRef.java:84)
	at org.gradle.execution.taskgraph.DefaultTaskExecutionGraph$BuildOperationAwareExecutionAction.execute(DefaultTaskExecutionGraph.java:339)
	at org.gradle.execution.taskgraph.DefaultTaskExecutionGraph$BuildOperationAwareExecutionAction.execute(DefaultTaskExecutionGraph.java:328)
	at org.gradle.execution.plan.DefaultPlanExecutor$ExecutorWorker.execute(DefaultPlanExecutor.java:459)
	at org.gradle.execution.plan.DefaultPlanExecutor$ExecutorWorker.run(DefaultPlanExecutor.java:376)
	at org.gradle.internal.concurrent.ExecutorPolicy$CatchAndRecordFailures.onExecute(ExecutorPolicy.java:64)
	at org.gradle.internal.concurrent.AbstractManagedExecutor$1.run(AbstractManagedExecutor.java:47)
Caused by: org.gradle.api.internal.tasks.compile.CompilationFailedException: Compilation failed; see the compiler output below.
Note: C:\Users\enri3\OneDrive\Desktop\Projectos\Cyrcetech\backend\src\main\java\com\cyrcetech\backend\domain\entity\Customer.java uses or overrides a deprecated API.
Note: Recompile with -Xlint:deprecation for details.
C:\Users\enri3\OneDrive\Desktop\Projectos\Cyrcetech\backend\src\main\java\com\cyrcetech\backend\service\CustomerService.java:34: error: cannot find symbol
        log.debug("Fetching all customers");
        ^
  symbol:   variable log
  location: class CustomerService
C:\Users\enri3\OneDrive\Desktop\Projectos\Cyrcetech\backend\src\main\java\com\cyrcetech\backend\service\CustomerService.java:44: error: cannot find symbol
        log.debug("Fetching customer with id: {}", id);
        ^
  symbol:   variable log
  location: class CustomerService
C:\Users\enri3\OneDrive\Desktop\Projectos\Cyrcetech\backend\src\main\java\com\cyrcetech\backend\service\CustomerService.java:54: error: cannot find symbol
        log.debug("Creating new customer: {}", request.getName());
        ^
  symbol:   variable log
  location: class CustomerService
C:\Users\enri3\OneDrive\Desktop\Projectos\Cyrcetech\backend\src\main\java\com\cyrcetech\backend\service\CustomerService.java:63: error: cannot find symbol
        log.info("Customer created with id: {}", saved.getId());
        ^
  symbol:   variable log
  location: class CustomerService
C:\Users\enri3\OneDrive\Desktop\Projectos\Cyrcetech\backend\src\main\java\com\cyrcetech\backend\service\CustomerService.java:72: error: cannot find symbol
        log.debug("Updating customer with id: {}", id);
        ^
  symbol:   variable log
  location: class CustomerService
C:\Users\enri3\OneDrive\Desktop\Projectos\Cyrcetech\backend\src\main\java\com\cyrcetech\backend\service\CustomerService.java:91: error: cannot find symbol
        log.info("Customer updated: {}", id);
        ^
  symbol:   variable log
  location: class CustomerService
C:\Users\enri3\OneDrive\Desktop\Projectos\Cyrcetech\backend\src\main\java\com\cyrcetech\backend\service\CustomerService.java:100: error: cannot find symbol
        log.debug("Deleting customer with id: {}", id);
        ^
  symbol:   variable log
  location: class CustomerService
C:\Users\enri3\OneDrive\Desktop\Projectos\Cyrcetech\backend\src\main\java\com\cyrcetech\backend\service\CustomerService.java:107: error: cannot find symbol
        log.info("Customer deleted: {}", id);
        ^
  symbol:   variable log
  location: class CustomerService
C:\Users\enri3\OneDrive\Desktop\Projectos\Cyrcetech\backend\src\main\java\com\cyrcetech\backend\service\CustomerService.java:114: error: cannot find symbol
        log.debug("Searching customers with term: {}", searchTerm);
        ^
  symbol:   variable log
  location: class CustomerService
C:\Users\enri3\OneDrive\Desktop\Projectos\Cyrcetech\backend\src\main\java\com\cyrcetech\backend\service\CustomerService.java:20: error: cannot find symbol
@Slf4j
 ^
  symbol: class Slf4j
C:\Users\enri3\OneDrive\Desktop\Projectos\Cyrcetech\backend\src\main\java\com\cyrcetech\backend\service\CustomerService.java:9: error: package lombok.extern.slf4j does not exist
import lombok.extern.slf4j.Slf4j;
                          ^
11 errors
	at org.gradle.api.internal.tasks.compile.JdkJavaCompiler.execute(JdkJavaCompiler.java:89)
	at org.gradle.api.internal.tasks.compile.JdkJavaCompiler.execute(JdkJavaCompiler.java:50)
	at org.gradle.api.internal.tasks.compile.NormalizingJavaCompiler.delegateAndHandleErrors(NormalizingJavaCompiler.java:98)
	at org.gradle.api.internal.tasks.compile.NormalizingJavaCompiler.execute(NormalizingJavaCompiler.java:52)
	at org.gradle.api.internal.tasks.compile.NormalizingJavaCompiler.execute(NormalizingJavaCompiler.java:38)
	at org.gradle.api.internal.tasks.compile.AnnotationProcessorDiscoveringCompiler.execute(AnnotationProcessorDiscoveringCompiler.java:52)
	at org.gradle.api.internal.tasks.compile.AnnotationProcessorDiscoveringCompiler.execute(AnnotationProcessorDiscoveringCompiler.java:38)
	at org.gradle.api.internal.tasks.compile.ModuleApplicationNameWritingCompiler.execute(ModuleApplicationNameWritingCompiler.java:46)
	at org.gradle.api.internal.tasks.compile.ModuleApplicationNameWritingCompiler.execute(ModuleApplicationNameWritingCompiler.java:36)
	at org.gradle.jvm.toolchain.internal.DefaultToolchainJavaCompiler.execute(DefaultToolchainJavaCompiler.java:57)
	at org.gradle.api.tasks.compile.JavaCompile.lambda$createToolchainCompiler$3(JavaCompile.java:206)
	at org.gradle.api.internal.tasks.compile.CleaningJavaCompiler.execute(CleaningJavaCompiler.java:53)
	at org.gradle.api.internal.tasks.compile.incremental.IncrementalCompilerFactory.lambda$createRebuildAllCompiler$0(IncrementalCompilerFactory.java:55)
	at org.gradle.api.internal.tasks.compile.incremental.SelectiveCompiler.execute(SelectiveCompiler.java:70)
	at org.gradle.api.internal.tasks.compile.incremental.SelectiveCompiler.execute(SelectiveCompiler.java:44)
	at org.gradle.api.internal.tasks.compile.incremental.IncrementalResultStoringCompiler.execute(IncrementalResultStoringCompiler.java:66)
	at org.gradle.api.internal.tasks.compile.incremental.IncrementalResultStoringCompiler.execute(IncrementalResultStoringCompiler.java:52)
	at org.gradle.api.internal.tasks.compile.CompileJavaBuildOperationReportingCompiler$1.call(CompileJavaBuildOperationReportingCompiler.java:64)
	at org.gradle.api.internal.tasks.compile.CompileJavaBuildOperationReportingCompiler$1.call(CompileJavaBuildOperationReportingCompiler.java:48)
	at org.gradle.internal.operations.DefaultBuildOperationRunner$CallableBuildOperationWorker.execute(DefaultBuildOperationRunner.java:209)
	at org.gradle.internal.operations.DefaultBuildOperationRunner$CallableBuildOperationWorker.execute(DefaultBuildOperationRunner.java:204)
	at org.gradle.internal.operations.DefaultBuildOperationRunner$2.execute(DefaultBuildOperationRunner.java:66)
	at org.gradle.internal.operations.DefaultBuildOperationRunner$2.execute(DefaultBuildOperationRunner.java:59)
	at org.gradle.internal.operations.DefaultBuildOperationRunner.execute(DefaultBuildOperationRunner.java:166)
	at org.gradle.internal.operations.DefaultBuildOperationRunner.execute(DefaultBuildOperationRunner.java:59)
	at org.gradle.internal.operations.DefaultBuildOperationRunner.call(DefaultBuildOperationRunner.java:53)
	at org.gradle.api.internal.tasks.compile.CompileJavaBuildOperationReportingCompiler.execute(CompileJavaBuildOperationReportingCompiler.java:48)
	at org.gradle.api.tasks.compile.JavaCompile.performCompilation(JavaCompile.java:224)
	at org.gradle.api.tasks.compile.JavaCompile.performIncrementalCompilation(JavaCompile.java:165)
	at org.gradle.api.tasks.compile.JavaCompile.compile(JavaCompile.java:150)
	at org.gradle.internal.reflect.JavaMethod.invoke(JavaMethod.java:125)
	at org.gradle.api.internal.project.taskfactory.IncrementalTaskAction.doExecute(IncrementalTaskAction.java:45)
	at org.gradle.api.internal.project.taskfactory.StandardTaskAction.execute(StandardTaskAction.java:51)
	at org.gradle.api.internal.project.taskfactory.IncrementalTaskAction.execute(IncrementalTaskAction.java:26)
	at org.gradle.api.internal.project.taskfactory.StandardTaskAction.execute(StandardTaskAction.java:29)
	at org.gradle.api.internal.tasks.execution.TaskExecution$3.run(TaskExecution.java:252)
	at org.gradle.internal.operations.DefaultBuildOperationRunner$1.execute(DefaultBuildOperationRunner.java:29)
	at org.gradle.internal.operations.DefaultBuildOperationRunner$1.execute(DefaultBuildOperationRunner.java:26)
	at org.gradle.internal.operations.DefaultBuildOperationRunner$2.execute(DefaultBuildOperationRunner.java:66)
	at org.gradle.internal.operations.DefaultBuildOperationRunner$2.execute(DefaultBuildOperationRunner.java:59)
	at org.gradle.internal.operations.DefaultBuildOperationRunner.execute(DefaultBuildOperationRunner.java:166)
	at org.gradle.internal.operations.DefaultBuildOperationRunner.execute(DefaultBuildOperationRunner.java:59)
	at org.gradle.internal.operations.DefaultBuildOperationRunner.run(DefaultBuildOperationRunner.java:47)
	at org.gradle.api.internal.tasks.execution.TaskExecution.executeAction(TaskExecution.java:237)
	at org.gradle.api.internal.tasks.execution.TaskExecution.executeActions(TaskExecution.java:220)
	at org.gradle.api.internal.tasks.execution.TaskExecution.executeWithPreviousOutputFiles(TaskExecution.java:203)
	at org.gradle.api.internal.tasks.execution.TaskExecution.execute(TaskExecution.java:170)
	at org.gradle.internal.execution.steps.ExecuteStep.executeInternal(ExecuteStep.java:105)
	at org.gradle.internal.execution.steps.ExecuteStep.access$000(ExecuteStep.java:44)
	at org.gradle.internal.execution.steps.ExecuteStep$1.call(ExecuteStep.java:59)
	at org.gradle.internal.execution.steps.ExecuteStep$1.call(ExecuteStep.java:56)
	at org.gradle.internal.operations.DefaultBuildOperationRunner$CallableBuildOperationWorker.execute(DefaultBuildOperationRunner.java:209)
	at org.gradle.internal.operations.DefaultBuildOperationRunner$CallableBuildOperationWorker.execute(DefaultBuildOperationRunner.java:204)
	at org.gradle.internal.operations.DefaultBuildOperationRunner$2.execute(DefaultBuildOperationRunner.java:66)
	at org.gradle.internal.operations.DefaultBuildOperationRunner$2.execute(DefaultBuildOperationRunner.java:59)
	at org.gradle.internal.operations.DefaultBuildOperationRunner.execute(DefaultBuildOperationRunner.java:166)
	at org.gradle.internal.operations.DefaultBuildOperationRunner.execute(DefaultBuildOperationRunner.java:59)
	at org.gradle.internal.operations.DefaultBuildOperationRunner.call(DefaultBuildOperationRunner.java:53)
	at org.gradle.internal.execution.steps.ExecuteStep.execute(ExecuteStep.java:56)
	at org.gradle.internal.execution.steps.ExecuteStep.execute(ExecuteStep.java:44)
	at org.gradle.internal.execution.steps.CancelExecutionStep.execute(CancelExecutionStep.java:42)
	at org.gradle.internal.execution.steps.TimeoutStep.executeWithoutTimeout(TimeoutStep.java:75)
	at org.gradle.internal.execution.steps.TimeoutStep.execute(TimeoutStep.java:55)
	at org.gradle.internal.execution.steps.PreCreateOutputParentsStep.execute(PreCreateOutputParentsStep.java:50)
	at org.gradle.internal.execution.steps.PreCreateOutputParentsStep.execute(PreCreateOutputParentsStep.java:28)
	at org.gradle.internal.execution.steps.RemovePreviousOutputsStep.execute(RemovePreviousOutputsStep.java:68)
	at org.gradle.internal.execution.steps.RemovePreviousOutputsStep.execute(RemovePreviousOutputsStep.java:38)
	at org.gradle.internal.execution.steps.BroadcastChangingOutputsStep.execute(BroadcastChangingOutputsStep.java:61)
	at org.gradle.internal.execution.steps.BroadcastChangingOutputsStep.execute(BroadcastChangingOutputsStep.java:26)
	at org.gradle.internal.execution.steps.CaptureOutputsAfterExecutionStep.execute(CaptureOutputsAfterExecutionStep.java:69)
	at org.gradle.internal.execution.steps.CaptureOutputsAfterExecutionStep.execute(CaptureOutputsAfterExecutionStep.java:46)
	at org.gradle.internal.execution.steps.ResolveInputChangesStep.execute(ResolveInputChangesStep.java:39)
	at org.gradle.internal.execution.steps.ResolveInputChangesStep.execute(ResolveInputChangesStep.java:28)
	at org.gradle.internal.execution.steps.BuildCacheStep.executeWithoutCache(BuildCacheStep.java:189)
	at org.gradle.internal.execution.steps.BuildCacheStep.lambda$execute$1(BuildCacheStep.java:75)
	at org.gradle.internal.Either$Right.fold(Either.java:176)
	at org.gradle.internal.execution.caching.CachingState.fold(CachingState.java:62)
	at org.gradle.internal.execution.steps.BuildCacheStep.execute(BuildCacheStep.java:73)
	at org.gradle.internal.execution.steps.BuildCacheStep.execute(BuildCacheStep.java:48)
	at org.gradle.internal.execution.steps.StoreExecutionStateStep.execute(StoreExecutionStateStep.java:46)
	at org.gradle.internal.execution.steps.StoreExecutionStateStep.execute(StoreExecutionStateStep.java:35)
	at org.gradle.internal.execution.steps.SkipUpToDateStep.executeBecause(SkipUpToDateStep.java:75)
	at org.gradle.internal.execution.steps.SkipUpToDateStep.lambda$execute$2(SkipUpToDateStep.java:53)
	at org.gradle.internal.execution.steps.SkipUpToDateStep.execute(SkipUpToDateStep.java:53)
	at org.gradle.internal.execution.steps.SkipUpToDateStep.execute(SkipUpToDateStep.java:35)
	at org.gradle.internal.execution.steps.legacy.MarkSnapshottingInputsFinishedStep.execute(MarkSnapshottingInputsFinishedStep.java:37)
	at org.gradle.internal.execution.steps.legacy.MarkSnapshottingInputsFinishedStep.execute(MarkSnapshottingInputsFinishedStep.java:27)
	at org.gradle.internal.execution.steps.ResolveIncrementalCachingStateStep.executeDelegate(ResolveIncrementalCachingStateStep.java:49)
	at org.gradle.internal.execution.steps.ResolveIncrementalCachingStateStep.executeDelegate(ResolveIncrementalCachingStateStep.java:27)
	at org.gradle.internal.execution.steps.AbstractResolveCachingStateStep.execute(AbstractResolveCachingStateStep.java:71)
	at org.gradle.internal.execution.steps.AbstractResolveCachingStateStep.execute(AbstractResolveCachingStateStep.java:39)
	at org.gradle.internal.execution.steps.ResolveChangesStep.execute(ResolveChangesStep.java:64)
	at org.gradle.internal.execution.steps.ResolveChangesStep.execute(ResolveChangesStep.java:35)
	at org.gradle.internal.execution.steps.ValidateStep.execute(ValidateStep.java:62)
	at org.gradle.internal.execution.steps.ValidateStep.execute(ValidateStep.java:40)
	at org.gradle.internal.execution.steps.AbstractCaptureStateBeforeExecutionStep.execute(AbstractCaptureStateBeforeExecutionStep.java:76)
	at org.gradle.internal.execution.steps.AbstractCaptureStateBeforeExecutionStep.execute(AbstractCaptureStateBeforeExecutionStep.java:45)
	at org.gradle.internal.execution.steps.AbstractSkipEmptyWorkStep.executeWithNonEmptySources(AbstractSkipEmptyWorkStep.java:136)
	at org.gradle.internal.execution.steps.AbstractSkipEmptyWorkStep.execute(AbstractSkipEmptyWorkStep.java:66)
	at org.gradle.internal.execution.steps.AbstractSkipEmptyWorkStep.execute(AbstractSkipEmptyWorkStep.java:38)
	at org.gradle.internal.execution.steps.legacy.MarkSnapshottingInputsStartedStep.execute(MarkSnapshottingInputsStartedStep.java:38)
	at org.gradle.internal.execution.steps.LoadPreviousExecutionStateStep.execute(LoadPreviousExecutionStateStep.java:36)
	at org.gradle.internal.execution.steps.LoadPreviousExecutionStateStep.execute(LoadPreviousExecutionStateStep.java:23)
	at org.gradle.internal.execution.steps.HandleStaleOutputsStep.execute(HandleStaleOutputsStep.java:75)
	at org.gradle.internal.execution.steps.HandleStaleOutputsStep.execute(HandleStaleOutputsStep.java:41)
	at org.gradle.internal.execution.steps.AssignMutableWorkspaceStep.lambda$execute$0(AssignMutableWorkspaceStep.java:35)
	at org.gradle.api.internal.tasks.execution.TaskExecution$4.withWorkspace(TaskExecution.java:297)
	at org.gradle.internal.execution.steps.AssignMutableWorkspaceStep.execute(AssignMutableWorkspaceStep.java:31)
	at org.gradle.internal.execution.steps.AssignMutableWorkspaceStep.execute(AssignMutableWorkspaceStep.java:22)
	at org.gradle.internal.execution.steps.ChoosePipelineStep.execute(ChoosePipelineStep.java:40)
	at org.gradle.internal.execution.steps.ChoosePipelineStep.execute(ChoosePipelineStep.java:23)
	at org.gradle.internal.execution.steps.ExecuteWorkBuildOperationFiringStep.lambda$execute$2(ExecuteWorkBuildOperationFiringStep.java:67)
	at org.gradle.internal.execution.steps.ExecuteWorkBuildOperationFiringStep.execute(ExecuteWorkBuildOperationFiringStep.java:67)
	at org.gradle.internal.execution.steps.ExecuteWorkBuildOperationFiringStep.execute(ExecuteWorkBuildOperationFiringStep.java:39)
	at org.gradle.internal.execution.steps.IdentityCacheStep.execute(IdentityCacheStep.java:46)
	at org.gradle.internal.execution.steps.IdentityCacheStep.execute(IdentityCacheStep.java:34)
	at org.gradle.internal.execution.steps.IdentifyStep.execute(IdentifyStep.java:44)
	at org.gradle.internal.execution.steps.IdentifyStep.execute(IdentifyStep.java:31)
	at org.gradle.internal.execution.impl.DefaultExecutionEngine$1.execute(DefaultExecutionEngine.java:64)
	at org.gradle.api.internal.tasks.execution.ExecuteActionsTaskExecuter.executeIfValid(ExecuteActionsTaskExecuter.java:132)
	... 30 more


BUILD FAILED in 15s
2 actionable tasks: 2 executed
